# JRE version: Java(TM) SE Runtime Environment (8.0_112-b15) (build 1.8.0_112-b15)
# Java VM: Java HotSpot(TM) 64-Bit Server VM (25.112-b15 mixed mode windows-amd64 compressed oops)
Heap:
 PSYoungGen      total 55808K, used 15060K [0x00000007bc400000, 0x00000007c0000000, 0x00000007c0000000)
  eden space 49664K, 30% used [0x00000007bc400000,0x00000007bd2b53a0,0x00000007bf480000)
  from space 6144K, 0% used [0x00000007bfa00000,0x00000007bfa00000,0x00000007c0000000)
  to   space 5632K, 0% used [0x00000007bf480000,0x00000007bf480000,0x00000007bfa00000)
 ParOldGen       total 69632K, used 9223K [0x0000000700000000, 0x0000000704400000, 0x00000007bc400000)
  object space 69632K, 13% used [0x0000000700000000,0x0000000700901cd8,0x0000000704400000)
 Metaspace       used 22526K, capacity 22702K, committed 23040K, reserved 1079296K
  class space    used 2436K, capacity 2504K, committed 2560K, reserved 1048576K
GC Heap History (10 events):
Event: 2.679 GC heap before
{Heap before GC invocations=39 (full 19):
 PSYoungGen      total 54784K, used 64K [0x00000007bc400000, 0x00000007c0000000, 0x00000007c0000000)
  eden space 47616K, 0% used [0x00000007bc400000,0x00000007bc400000,0x00000007bf280000)
  from space 7168K, 0% used [0x00000007bf900000,0x00000007bf910000,0x00000007c0000000)
  to   space 6656K, 0% used [0x00000007bf280000,0x00000007bf280000,0x00000007bf900000)
 ParOldGen       total 69632K, used 8760K [0x0000000700000000, 0x0000000704400000, 0x00000007bc400000)
  object space 69632K, 12% used [0x0000000700000000,0x000000070088e330,0x0000000704400000)
 Metaspace       used 19079K, capacity 19230K, committed 19328K, reserved 1079296K
  class space    used 2060K, capacity 2149K, committed 2176K, reserved 1048576K
Event: 2.695 GC heap after
Heap after GC invocations=39 (full 19):
 PSYoungGen      total 54784K, used 0K [0x00000007bc400000, 0x00000007c0000000, 0x00000007c0000000)
  eden space 47616K, 0% used [0x00000007bc400000,0x00000007bc400000,0x00000007bf280000)
  from space 7168K, 0% used [0x00000007bf900000,0x00000007bf900000,0x00000007c0000000)
  to   space 6656K, 0% used [0x00000007bf280000,0x00000007bf280000,0x00000007bf900000)
 ParOldGen       total 69632K, used 8762K [0x0000000700000000, 0x0000000704400000, 0x00000007bc400000)
  object space 69632K, 12% used [0x0000000700000000,0x000000070088e920,0x0000000704400000)
 Metaspace       used 19079K, capacity 19230K, committed 19328K, reserved 1073152K
  class space    used 2060K, capacity 2149K, committed 2176K, reserved 1048576K
}
Event: 2.695 GC heap before
{Heap before GC invocations=40 (full 19):
 PSYoungGen      total 54784K, used 0K [0x00000007bc400000, 0x00000007c0000000, 0x00000007c0000000)
  eden space 47616K, 0% used [0x00000007bc400000,0x00000007bc400000,0x00000007bf280000)
  from space 7168K, 0% used [0x00000007bf900000,0x00000007bf900000,0x00000007c0000000)
  to   space 6656K, 0% used [0x00000007bf280000,0x00000007bf280000,0x00000007bf900000)
 ParOldGen       total 69632K, used 8762K [0x0000000700000000, 0x0000000704400000, 0x00000007bc400000)
  object space 69632K, 12% used [0x0000000700000000,0x000000070088e920,0x0000000704400000)
 Metaspace       used 19079K, capacity 19230K, committed 19328K, reserved 1077248K
  class space    used 2060K, capacity 2149K, committed 2176K, reserved 1048576K
Event: 2.695 GC heap after
Heap after GC invocations=40 (full 19):
 PSYoungGen      total 54272K, used 0K [0x00000007bc400000, 0x00000007c0000000, 0x00000007c0000000)
  eden space 47616K, 0% used [0x00000007bc400000,0x00000007bc400000,0x00000007bf280000)
  from space 6656K, 0% used [0x00000007bf280000,0x00000007bf280000,0x00000007bf900000)
  to   space 6144K, 0% used [0x00000007bfa00000,0x00000007bfa00000,0x00000007c0000000)
 ParOldGen       total 69632K, used 8762K [0x0000000700000000, 0x0000000704400000, 0x00000007bc400000)
  object space 69632K, 12% used [0x0000000700000000,0x000000070088e920,0x0000000704400000)
 Metaspace       used 19079K, capacity 19230K, committed 19328K, reserved 1077248K
  class space    used 2060K, capacity 2149K, committed 2176K, reserved 1048576K
}
Event: 2.695 GC heap before
{Heap before GC invocations=41 (full 20):
 PSYoungGen      total 54272K, used 0K [0x00000007bc400000, 0x00000007c0000000, 0x00000007c0000000)
  eden space 47616K, 0% used [0x00000007bc400000,0x00000007bc400000,0x00000007bf280000)
  from space 6656K, 0% used [0x00000007bf280000,0x00000007bf280000,0x00000007bf900000)
  to   space 6144K, 0% used [0x00000007bfa00000,0x00000007bfa00000,0x00000007c0000000)
 ParOldGen       total 69632K, used 8762K [0x0000000700000000, 0x0000000704400000, 0x00000007bc400000)
  object space 69632K, 12% used [0x0000000700000000,0x000000070088e920,0x0000000704400000)
 Metaspace       used 19079K, capacity 19230K, committed 19328K, reserved 1077248K
  class space    used 2060K, capacity 2149K, committed 2176K, reserved 1048576K
Event: 2.711 GC heap after
Heap after GC invocations=41 (full 20):
 PSYoungGen      total 54272K, used 0K [0x00000007bc400000, 0x00000007c0000000, 0x00000007c0000000)
  eden space 47616K, 0% used [0x00000007bc400000,0x00000007bc400000,0x00000007bf280000)
  from space 6656K, 0% used [0x00000007bf280000,0x00000007bf280000,0x00000007bf900000)
  to   space 6144K, 0% used [0x00000007bfa00000,0x00000007bfa00000,0x00000007c0000000)
 ParOldGen       total 69632K, used 8760K [0x0000000700000000, 0x0000000704400000, 0x00000007bc400000)
  object space 69632K, 12% used [0x0000000700000000,0x000000070088e330,0x0000000704400000)
 Metaspace       used 19079K, capacity 19230K, committed 19328K, reserved 1073152K
  class space    used 2060K, capacity 2149K, committed 2176K, reserved 1048576K
}
Event: 2.743 GC heap before
{Heap before GC invocations=42 (full 20):
 PSYoungGen      total 54272K, used 2508K [0x00000007bc400000, 0x00000007c0000000, 0x00000007c0000000)
  eden space 47616K, 5% used [0x00000007bc400000,0x00000007bc673158,0x00000007bf280000)
  from space 6656K, 0% used [0x00000007bf280000,0x00000007bf280000,0x00000007bf900000)
  to   space 6144K, 0% used [0x00000007bfa00000,0x00000007bfa00000,0x00000007c0000000)
 ParOldGen       total 69632K, used 8760K [0x0000000700000000, 0x0000000704400000, 0x00000007bc400000)
  object space 69632K, 12% used [0x0000000700000000,0x000000070088e330,0x0000000704400000)
 Metaspace       used 19700K, capacity 19844K, committed 19968K, reserved 1077248K
  class space    used 2155K, capacity 2247K, committed 2304K, reserved 1048576K
Event: 2.744 GC heap after
Heap after GC invocations=42 (full 20):
 PSYoungGen      total 55808K, used 596K [0x00000007bc400000, 0x00000007c0000000, 0x00000007c0000000)
  eden space 49664K, 0% used [0x00000007bc400000,0x00000007bc400000,0x00000007bf480000)
  from space 6144K, 9% used [0x00000007bfa00000,0x00000007bfa95218,0x00000007c0000000)
  to   space 5632K, 0% used [0x00000007bf480000,0x00000007bf480000,0x00000007bfa00000)
 ParOldGen       total 69632K, used 8760K [0x0000000700000000, 0x0000000704400000, 0x00000007bc400000)
  object space 69632K, 12% used [0x0000000700000000,0x000000070088e330,0x0000000704400000)
 Metaspace       used 19700K, capacity 19844K, committed 19968K, reserved 1077248K
  class space    used 2155K, capacity 2247K, committed 2304K, reserved 1048576K
}
Event: 2.744 GC heap before
{Heap before GC invocations=43 (full 21):
 PSYoungGen      total 55808K, used 596K [0x00000007bc400000, 0x00000007c0000000, 0x00000007c0000000)
  eden space 49664K, 0% used [0x00000007bc400000,0x00000007bc400000,0x00000007bf480000)
  from space 6144K, 9% used [0x00000007bfa00000,0x00000007bfa95218,0x00000007c0000000)
  to   space 5632K, 0% used [0x00000007bf480000,0x00000007bf480000,0x00000007bfa00000)
 ParOldGen       total 69632K, used 8760K [0x0000000700000000, 0x0000000704400000, 0x00000007bc400000)
  object space 69632K, 12% used [0x0000000700000000,0x000000070088e330,0x0000000704400000)
 Metaspace       used 19700K, capacity 19844K, committed 19968K, reserved 1077248K
  class space    used 2155K, capacity 2247K, committed 2304K, reserved 1048576K
Event: 2.789 GC heap after
Heap after GC invocations=43 (full 21):
 PSYoungGen      total 55808K, used 0K [0x00000007bc400000, 0x00000007c0000000, 0x00000007c0000000)
  eden space 49664K, 0% used [0x00000007bc400000,0x00000007bc400000,0x00000007bf480000)
  from space 6144K, 0% used [0x00000007bfa00000,0x00000007bfa00000,0x00000007c0000000)
  to   space 5632K, 0% used [0x00000007bf480000,0x00000007bf480000,0x00000007bfa00000)
 ParOldGen       total 69632K, used 9223K [0x0000000700000000, 0x0000000704400000, 0x00000007bc400000)
  object space 69632K, 13% used [0x0000000700000000,0x0000000700901cd8,0x0000000704400000)
 Metaspace       used 19700K, capacity 19844K, committed 19968K, reserved 1075200K
  class space    used 2155K, capacity 2247K, committed 2304K, reserved 1048576K
}

