# JRE version: Java(TM) SE Runtime Environment (8.0_112-b15) (build 1.8.0_112-b15)
# Java VM: Java HotSpot(TM) 64-Bit Server VM (25.112-b15 mixed mode windows-amd64 compressed oops)
Heap:
 PSYoungGen      total 53760K, used 2496K [0x00000007bc400000, 0x00000007c0000000, 0x00000007c0000000)
  eden space 46080K, 5% used [0x00000007bc400000,0x00000007bc670320,0x00000007bf100000)
  from space 7680K, 0% used [0x00000007bf100000,0x00000007bf100000,0x00000007bf880000)
  to   space 7680K, 0% used [0x00000007bf880000,0x00000007bf880000,0x00000007c0000000)
 ParOldGen       total 69632K, used 13605K [0x0000000700000000, 0x0000000704400000, 0x00000007bc400000)
  object space 69632K, 19% used [0x0000000700000000,0x0000000700d49780,0x0000000704400000)
 Metaspace       used 22872K, capacity 23116K, committed 23472K, reserved 1071104K
  class space    used 2542K, capacity 2609K, committed 2736K, reserved 1048576K
GC Heap History (10 events):
Event: 3.307 GC heap before
{Heap before GC invocations=1 (full 0):
 PSYoungGen      total 53760K, used 46080K [0x00000007bc400000, 0x00000007c0000000, 0x00000007c0000000)
  eden space 46080K, 100% used [0x00000007bc400000,0x00000007bf100000,0x00000007bf100000)
  from space 7680K, 0% used [0x00000007bf880000,0x00000007bf880000,0x00000007c0000000)
  to   space 7680K, 0% used [0x00000007bf100000,0x00000007bf100000,0x00000007bf880000)
 ParOldGen       total 69632K, used 0K [0x0000000700000000, 0x0000000704400000, 0x00000007bc400000)
  object space 69632K, 0% used [0x0000000700000000,0x0000000700000000,0x0000000704400000)
 Metaspace       used 14697K, capacity 14894K, committed 15104K, reserved 1062912K
  class space    used 1370K, capacity 1451K, committed 1536K, reserved 1048576K
Event: 3.316 GC heap after
Heap after GC invocations=1 (full 0):
 PSYoungGen      total 53760K, used 7655K [0x00000007bc400000, 0x00000007c0000000, 0x00000007c0000000)
  eden space 46080K, 0% used [0x00000007bc400000,0x00000007bc400000,0x00000007bf100000)
  from space 7680K, 99% used [0x00000007bf100000,0x00000007bf879db8,0x00000007bf880000)
  to   space 7680K, 0% used [0x00000007bf880000,0x00000007bf880000,0x00000007c0000000)
 ParOldGen       total 69632K, used 2289K [0x0000000700000000, 0x0000000704400000, 0x00000007bc400000)
  object space 69632K, 3% used [0x0000000700000000,0x000000070023c620,0x0000000704400000)
 Metaspace       used 14697K, capacity 14894K, committed 15104K, reserved 1062912K
  class space    used 1370K, capacity 1451K, committed 1536K, reserved 1048576K
}
Event: 4.084 GC heap before
{Heap before GC invocations=2 (full 0):
 PSYoungGen      total 53760K, used 44415K [0x00000007bc400000, 0x00000007c0000000, 0x00000007c0000000)
  eden space 46080K, 79% used [0x00000007bc400000,0x00000007be7e61d8,0x00000007bf100000)
  from space 7680K, 99% used [0x00000007bf100000,0x00000007bf879db8,0x00000007bf880000)
  to   space 7680K, 0% used [0x00000007bf880000,0x00000007bf880000,0x00000007c0000000)
 ParOldGen       total 69632K, used 2289K [0x0000000700000000, 0x0000000704400000, 0x00000007bc400000)
  object space 69632K, 3% used [0x0000000700000000,0x000000070023c620,0x0000000704400000)
 Metaspace       used 20971K, capacity 21166K, committed 21296K, reserved 1069056K
  class space    used 2281K, capacity 2347K, committed 2352K, reserved 1048576K
Event: 4.098 GC heap after
Heap after GC invocations=2 (full 0):
 PSYoungGen      total 53760K, used 7679K [0x00000007bc400000, 0x00000007c0000000, 0x00000007c0000000)
  eden space 46080K, 0% used [0x00000007bc400000,0x00000007bc400000,0x00000007bf100000)
  from space 7680K, 99% used [0x00000007bf880000,0x00000007bffffda0,0x00000007c0000000)
  to   space 7680K, 0% used [0x00000007bf100000,0x00000007bf100000,0x00000007bf880000)
 ParOldGen       total 69632K, used 9490K [0x0000000700000000, 0x0000000704400000, 0x00000007bc400000)
  object space 69632K, 13% used [0x0000000700000000,0x0000000700944830,0x0000000704400000)
 Metaspace       used 20971K, capacity 21166K, committed 21296K, reserved 1069056K
  class space    used 2281K, capacity 2347K, committed 2352K, reserved 1048576K
}
Event: 4.098 GC heap before
{Heap before GC invocations=3 (full 1):
 PSYoungGen      total 53760K, used 7679K [0x00000007bc400000, 0x00000007c0000000, 0x00000007c0000000)
  eden space 46080K, 0% used [0x00000007bc400000,0x00000007bc400000,0x00000007bf100000)
  from space 7680K, 99% used [0x00000007bf880000,0x00000007bffffda0,0x00000007c0000000)
  to   space 7680K, 0% used [0x00000007bf100000,0x00000007bf100000,0x00000007bf880000)
 ParOldGen       total 69632K, used 9490K [0x0000000700000000, 0x0000000704400000, 0x00000007bc400000)
  object space 69632K, 13% used [0x0000000700000000,0x0000000700944830,0x0000000704400000)
 Metaspace       used 20971K, capacity 21166K, committed 21296K, reserved 1069056K
  class space    used 2281K, capacity 2347K, committed 2352K, reserved 1048576K
Event: 4.140 GC heap after
Heap after GC invocations=3 (full 1):
 PSYoungGen      total 53760K, used 0K [0x00000007bc400000, 0x00000007c0000000, 0x00000007c0000000)
  eden space 46080K, 0% used [0x00000007bc400000,0x00000007bc400000,0x00000007bf100000)
  from space 7680K, 0% used [0x00000007bf880000,0x00000007bf880000,0x00000007c0000000)
  to   space 7680K, 0% used [0x00000007bf100000,0x00000007bf100000,0x00000007bf880000)
 ParOldGen       total 69632K, used 14840K [0x0000000700000000, 0x0000000704400000, 0x00000007bc400000)
  object space 69632K, 21% used [0x0000000700000000,0x0000000700e7e1c8,0x0000000704400000)
 Metaspace       used 20971K, capacity 21166K, committed 21296K, reserved 1069056K
  class space    used 2281K, capacity 2347K, committed 2352K, reserved 1048576K
}
Event: 4.292 GC heap before
{Heap before GC invocations=4 (full 1):
 PSYoungGen      total 53760K, used 9818K [0x00000007bc400000, 0x00000007c0000000, 0x00000007c0000000)
  eden space 46080K, 21% used [0x00000007bc400000,0x00000007bcd969a8,0x00000007bf100000)
  from space 7680K, 0% used [0x00000007bf880000,0x00000007bf880000,0x00000007c0000000)
  to   space 7680K, 0% used [0x00000007bf100000,0x00000007bf100000,0x00000007bf880000)
 ParOldGen       total 69632K, used 14840K [0x0000000700000000, 0x0000000704400000, 0x00000007bc400000)
  object space 69632K, 21% used [0x0000000700000000,0x0000000700e7e1c8,0x0000000704400000)
 Metaspace       used 22847K, capacity 22988K, committed 23216K, reserved 1073152K
  class space    used 2540K, capacity 2609K, committed 2736K, reserved 1048576K
Event: 4.294 GC heap after
Heap after GC invocations=4 (full 1):
 PSYoungGen      total 53760K, used 1781K [0x00000007bc400000, 0x00000007c0000000, 0x00000007c0000000)
  eden space 46080K, 0% used [0x00000007bc400000,0x00000007bc400000,0x00000007bf100000)
  from space 7680K, 23% used [0x00000007bf100000,0x00000007bf2bd628,0x00000007bf880000)
  to   space 7680K, 0% used [0x00000007bf880000,0x00000007bf880000,0x00000007c0000000)
 ParOldGen       total 69632K, used 14840K [0x0000000700000000, 0x0000000704400000, 0x00000007bc400000)
  object space 69632K, 21% used [0x0000000700000000,0x0000000700e7e1c8,0x0000000704400000)
 Metaspace       used 22847K, capacity 22988K, committed 23216K, reserved 1073152K
  class space    used 2540K, capacity 2609K, committed 2736K, reserved 1048576K
}
Event: 4.294 GC heap before
{Heap before GC invocations=5 (full 2):
 PSYoungGen      total 53760K, used 1781K [0x00000007bc400000, 0x00000007c0000000, 0x00000007c0000000)
  eden space 46080K, 0% used [0x00000007bc400000,0x00000007bc400000,0x00000007bf100000)
  from space 7680K, 23% used [0x00000007bf100000,0x00000007bf2bd628,0x00000007bf880000)
  to   space 7680K, 0% used [0x00000007bf880000,0x00000007bf880000,0x00000007c0000000)
 ParOldGen       total 69632K, used 14840K [0x0000000700000000, 0x0000000704400000, 0x00000007bc400000)
  object space 69632K, 21% used [0x0000000700000000,0x0000000700e7e1c8,0x0000000704400000)
 Metaspace       used 22847K, capacity 22988K, committed 23216K, reserved 1073152K
  class space    used 2540K, capacity 2609K, committed 2736K, reserved 1048576K
Event: 4.324 GC heap after
Heap after GC invocations=5 (full 2):
 PSYoungGen      total 53760K, used 0K [0x00000007bc400000, 0x00000007c0000000, 0x00000007c0000000)
  eden space 46080K, 0% used [0x00000007bc400000,0x00000007bc400000,0x00000007bf100000)
  from space 7680K, 0% used [0x00000007bf100000,0x00000007bf100000,0x00000007bf880000)
  to   space 7680K, 0% used [0x00000007bf880000,0x00000007bf880000,0x00000007c0000000)
 ParOldGen       total 69632K, used 13605K [0x0000000700000000, 0x0000000704400000, 0x00000007bc400000)
  object space 69632K, 19% used [0x0000000700000000,0x0000000700d49780,0x0000000704400000)
 Metaspace       used 22847K, capacity 22988K, committed 23216K, reserved 1071104K
  class space    used 2540K, capacity 2609K, committed 2736K, reserved 1048576K
}

